[LOG] System::create                           : Header version = 1.10.15. Current version = 1.10.15.
[LOG] Manager::init                            : maxchannels = 256 studioflags = 00000006 flags 00000000 extradriverdata 0000000000000000.
[LOG] SystemI::init                            : Initialize version=11015 (103907), maxchannels=256, flags=0x00020000
[LOG] SystemI::setOutputInternal               : Setting output to 'FMOD WASAPI Output'
[LOG] OutputWASAPI::init                       : Mix Format (WAVEFORMATEX): wFormatTag=0xFFFE, nChannels=8, nSamplesPerSec=44100, nAvgBytesPerSec=1411200, nBlockAlign=32, wBitsPerSample=32, cbSize=22.
[LOG] OutputWASAPI::init                       : Mix Format (WAVEFORMATEXTENSIBLE): wValidBitsPerSample=32, dwChannelMask=0x0000063F, SubFormat=00000003-0000-0010-8000-00AA00389B71.
[LOG] OutputWASAPI::init                       : Output buffer size: 3760 samples, latency: 0.00ms, period: 10.00ms, DSP buffer: 1024 * 4
[WRN] SystemI::init                            : Output requires a sample rate of 44100Hz, resampling will occur.
[LOG] DownMix::init                            : dspbuffersize: 1024  rate: 48000. output speaker mode: 7, input speaker mode 3
[LOG] DownMix::init                            : done.
[LOG] Thread::initThread                       : Init FMOD stream thread. Priority: 2, Stack Size: 98304, Semaphore: No, Sleep Time: 10, Looping: Yes.
[LOG] Thread::initThread                       : Init FMOD mixer thread. Priority: 3, Stack Size: 81920, Semaphore: No, Sleep Time: 0, Looping: Yes.
[LOG] AsyncManager::init                       : manager 000000003ECD34B8 isAsync 0 updatePeriod 0.02
[LOG] AsyncManager::init                       : done
[LOG] PlaybackSystem::init                     : 
[LOG] Thread::initThread                       : Init FMOD Studio sample load thread. Priority: 0, Stack Size: 98304, Semaphore: No, Sleep Time: 1, Looping: No.
[LOG] PlaybackSystem::init                     : done
[LOG] Thread::initThread                       : Init FMOD Studio bank load thread. Priority: 0, Stack Size: 98304, Semaphore: No, Sleep Time: 1, Looping: No.
[LOG] Manager::init                            : done.
[LOG] Manager::readBank                        : fileversion = 103, compatVersion = 99 (oldest = 44, newest = 103)
[LOG] Manager::readBank                        : fileversion = 103, compatVersion = 99 (oldest = 44, newest = 103)
[LOG] Manager::readBank                        : fileversion = 103, compatVersion = 99 (oldest = 44, newest = 103)
[LOG] Manager::readBank                        : fileversion = 103, compatVersion = 99 (oldest = 44, newest = 103)
[LOG] Manager::readBank                        : fileversion = 103, compatVersion = 99 (oldest = 44, newest = 103)
[LOG] PlaybackSystem::acquireMasterBus         : Setting master channel group format to 6
[LOG] Manager::readBank                        : fileversion = 103, compatVersion = 99 (oldest = 44, newest = 103)
[LOG] PlaybackSystem::acquireMasterBus         : Setting master channel group format to 6
[LOG] SystemI::createSoundInternal             : Create name='', mode=0x02000202
[LOG] SystemI::createSoundInternal             : exinfo->cbsize             = 232
[LOG] SystemI::createSoundInternal             : exinfo->length             = 1657440
[LOG] SystemI::createSoundInternal             : exinfo->fileoffset         = 30048
[LOG] SystemI::createSoundInternal             : exinfo->numsubsounds       = 1
[LOG] SystemI::createSoundInternal             : exinfo->inclusionlist      = 000000006171F5CC
[LOG] SystemI::createSoundInternal             : exinfo->inclusionlistnum   = 1
[LOG] SystemI::createSoundInternal             : exinfo->suggestedsoundtype = 5
[LOG] SystemI::createSoundInternal             : exinfo->useropen           = 00007FFA3DA20EE0
[LOG] SystemI::createSoundInternal             : exinfo->userclose          = 00007FFA3DA20EB0
[LOG] SystemI::createSoundInternal             : exinfo->userread           = 00007FFA3DA20FB0
[LOG] SystemI::createSoundInternal             : exinfo->userseek           = 00007FFA3DA21070
[LOG] SystemI::createSoundInternal             : exinfo->fileuserdata       = 0000000060A5E398
[LOG] SystemI::createSoundInternal             : exinfo->initialseekpostype = 1
[LOG] SystemI::DSPCodecPoolRegister            : register codec pool for pool type 5
[LOG] SystemI::createSoundInternal             : Sample 0/1: name='Death', format=2, channels=2, frequency=48000, lengthbytes=205856, lengthpcm=761143, pcmblocksize=0, loopstart=0, loopend=0, mode=0x00000000, channelmask=0x00000000, channelorder=0, peakvolume=0.653981.
[LOG] SystemI::createSound                     : filename = C:\Users\Jumbax\Documents\Master\Gabrieli\COMPOSIZIONE\ESERCIZIO 8\Survival Shooter (2020 DEF) - Mauro Cirafisi\Survival Shooter Fmod 1.10.15\Build\Desktop\Master Bank.bank : mode 02010082
[LOG] SystemI::createSound                     : FMOD_NONBLOCKING specified.  Putting into queue to be opened asynchronously!
[LOG] Thread::initThread                       : Init FMOD nonblocking thread (0). Priority: 1, Stack Size: 114688, Semaphore: Yes, Sleep Time: 0, Looping: Yes.
[LOG] SystemI::createSound                     : setdata soundi = 0000000060BF7688 : node = 00000000603017F0
[LOG] SystemI::createSound                     : add node to async list : head = 00000000608C1EE8.  list count = 0
[LOG] AsyncThread::threadFunc                  : Starting Asynchronous operation on sound 0000000060BF7688
[LOG] SystemI::createSoundInternal             :     Create name='C:\Users\Jumbax\Documents\Master\Gabrieli\COMPOSIZIONE\ESERCIZIO 8\Survival Shooter (2020 DEF) - Mauro Cirafisi\Survival Shooter Fmod 1.10.15\Build\Desktop\Master Bank.bank', mode=0x02010082
[LOG] SystemI::createSoundInternal             :     exinfo->cbsize             = 232
[LOG] SystemI::createSoundInternal             :     exinfo->length             = 1657440
[LOG] SystemI::createSoundInternal             :     exinfo->fileoffset         = 30048
[LOG] SystemI::createSoundInternal             :     exinfo->numsubsounds       = 1
[LOG] SystemI::createSoundInternal             :     exinfo->inclusionlist      = 0000000060301908
[LOG] SystemI::createSoundInternal             :     exinfo->inclusionlistnum   = 1
[LOG] SystemI::createSoundInternal             :     exinfo->suggestedsoundtype = 5
[LOG] SystemI::createSoundInternal             :     exinfo->initialseekpostype = 1
[LOG] SystemI::createSoundInternal             :     Stream 0/1: name='Menu', format=2, channels=2, frequency=48000, lengthbytes=377664, lengthpcm=1316572, pcmblocksize=0, loopstart=0, loopend=0, mode=0x00000000, channelmask=0x00000000, channelorder=0, peakvolume=0.889973.
[LOG] Thread::initThread                       :     Init FMOD file thread. Priority: 1, Stack Size: 49152, Semaphore: No, Sleep Time: 10, Looping: Yes.
[LOG] AsyncThread::threadFunc                  : Finished Asynchronous operation on sound 0000000060BF7688
[LOG] SoundI::getSubSound                      : sound 0000000060BF7688.  Subsound index 0 / 1
[WRN] AsyncCommandBuffer::growBuffer           : Growing command buffer to 1034466826 bytes. Initial command buffer size can be tuned to avoid dynamic growth using Studio::System::setAdvancedSettings()
[LOG] SystemI::createSound                     : filename = C:\Users\Jumbax\Documents\Master\Gabrieli\COMPOSIZIONE\ESERCIZIO 8\Survival Shooter (2020 DEF) - Mauro Cirafisi\Survival Shooter Fmod 1.10.15\Build\Desktop\Master Bank.bank : mode 02010082
[LOG] SystemI::createSound                     : FMOD_NONBLOCKING specified.  Putting into queue to be opened asynchronously!
[LOG] SystemI::createSound                     : setdata soundi = 0000000060BF7838 : node = 0000000060302660
[LOG] SystemI::createSound                     : add node to async list : head = 00000000608C1EE8.  list count = 0
[LOG] AsyncThread::threadFunc                  : Starting Asynchronous operation on sound 0000000060BF7838
[LOG] SystemI::createSoundInternal             :     Create name='C:\Users\Jumbax\Documents\Master\Gabrieli\COMPOSIZIONE\ESERCIZIO 8\Survival Shooter (2020 DEF) - Mauro Cirafisi\Survival Shooter Fmod 1.10.15\Build\Desktop\Master Bank.bank', mode=0x02010082
[LOG] SystemI::createSoundInternal             :     exinfo->cbsize             = 232
[LOG] SystemI::createSoundInternal             :     exinfo->length             = 1657440
[LOG] SystemI::createSoundInternal             :     exinfo->fileoffset         = 30048
[LOG] SystemI::createSoundInternal             :     exinfo->numsubsounds       = 1
[LOG] SystemI::createSoundInternal             :     exinfo->inclusionlist      = 0000000060302778
[LOG] SystemI::createSoundInternal             :     exinfo->inclusionlistnum   = 1
[LOG] SystemI::createSoundInternal             :     exinfo->suggestedsoundtype = 5
[LOG] SystemI::createSoundInternal             :     exinfo->initialseekposition = 1713
[LOG] SystemI::createSoundInternal             :     exinfo->initialseekpostype = 1
[LOG] SystemI::createSoundInternal             :     Stream 0/1: name='Fight', format=2, channels=2, frequency=48000, lengthbytes=480000, lengthpcm=1728001, pcmblocksize=0, loopstart=0, loopend=0, mode=0x00000000, channelmask=0x00000000, channelorder=0, peakvolume=0.889454.
[LOG] AsyncThread::threadFunc                  : Finished Asynchronous operation on sound 0000000060BF7838
[LOG] SoundI::getSubSound                      : sound 0000000060BF7838.  Subsound index 0 / 1
[LOG] SoundI::release                          : Menu (0000000060BF7688)
[LOG] SoundI::release                          :     Menu (00000000608C1F38)
[LOG] SoundI::release                          :     Menu (0000000060BF65A8)
[LOG] SystemI::createSound                     : filename = C:\Users\Jumbax\Documents\Master\Gabrieli\COMPOSIZIONE\ESERCIZIO 8\Survival Shooter (2020 DEF) - Mauro Cirafisi\Survival Shooter Fmod 1.10.15\Build\Desktop\Master Bank.bank : mode 02010082
[LOG] SystemI::createSound                     : FMOD_NONBLOCKING specified.  Putting into queue to be opened asynchronously!
[LOG] SystemI::createSound                     : setdata soundi = 0000000060BF7328 : node = 0000000060302A50
[LOG] SystemI::createSound                     : add node to async list : head = 00000000608C1EE8.  list count = 0
[LOG] AsyncThread::threadFunc                  : Starting Asynchronous operation on sound 0000000060BF7328
[LOG] SystemI::createSoundInternal             :     Create name='C:\Users\Jumbax\Documents\Master\Gabrieli\COMPOSIZIONE\ESERCIZIO 8\Survival Shooter (2020 DEF) - Mauro Cirafisi\Survival Shooter Fmod 1.10.15\Build\Desktop\Master Bank.bank', mode=0x02010082
[LOG] SystemI::createSoundInternal             :     exinfo->cbsize             = 232
[LOG] SystemI::createSoundInternal             :     exinfo->length             = 1657440
[LOG] SystemI::createSoundInternal             :     exinfo->fileoffset         = 30048
[LOG] SystemI::createSoundInternal             :     exinfo->numsubsounds       = 1
[LOG] SystemI::createSoundInternal             :     exinfo->inclusionlist      = 0000000060302B68
[LOG] SystemI::createSoundInternal             :     exinfo->inclusionlistnum   = 1
[LOG] SystemI::createSoundInternal             :     exinfo->suggestedsoundtype = 5
[LOG] SystemI::createSoundInternal             :     exinfo->initialseekposition = 1472
[LOG] SystemI::createSoundInternal             :     exinfo->initialseekpostype = 1
[LOG] SystemI::createSoundInternal             :     Stream 0/1: name='Low Health', format=2, channels=2, frequency=48000, lengthbytes=490816, lengthpcm=1728001, pcmblocksize=0, loopstart=0, loopend=0, mode=0x00000000, channelmask=0x00000000, channelorder=0, peakvolume=0.890038.
[LOG] AsyncThread::threadFunc                  : Finished Asynchronous operation on sound 0000000060BF7328
[LOG] SoundI::getSubSound                      : sound 0000000060BF7328.  Subsound index 0 / 1
[LOG] SoundI::release                          : Fight (0000000060BF7838)
[LOG] SoundI::release                          :     Fight (00000000608C0D58)
[LOG] SoundI::release                          :     Fight (0000000060BF6E18)
[LOG] SoundI::release                          : Low Health (0000000060BF7328)
[LOG] SoundI::release                          :     Low Health (00000000608C4158)
[LOG] SoundI::release                          :     Low Health (0000000060BF6AB8)
[LOG] SystemI::createSound                     : filename = C:\Users\Jumbax\Documents\Master\Gabrieli\COMPOSIZIONE\ESERCIZIO 8\Survival Shooter (2020 DEF) - Mauro Cirafisi\Survival Shooter Fmod 1.10.15\Build\Desktop\Master Bank.bank : mode 02010082
[LOG] SystemI::createSound                     : FMOD_NONBLOCKING specified.  Putting into queue to be opened asynchronously!
[LOG] SystemI::createSound                     : setdata soundi = 0000000060BF74D8 : node = 0000000060301A90
[LOG] SystemI::createSound                     : add node to async list : head = 00000000608C1EE8.  list count = 0
[LOG] AsyncThread::threadFunc                  : Starting Asynchronous operation on sound 0000000060BF74D8
[LOG] SystemI::createSoundInternal             :     Create name='C:\Users\Jumbax\Documents\Master\Gabrieli\COMPOSIZIONE\ESERCIZIO 8\Survival Shooter (2020 DEF) - Mauro Cirafisi\Survival Shooter Fmod 1.10.15\Build\Desktop\Master Bank.bank', mode=0x02010082
[LOG] SystemI::createSoundInternal             :     exinfo->cbsize             = 232
[LOG] SystemI::createSoundInternal             :     exinfo->length             = 1657440
[LOG] SystemI::createSoundInternal             :     exinfo->fileoffset         = 30048
[LOG] SystemI::createSoundInternal             :     exinfo->numsubsounds       = 1
[LOG] SystemI::createSoundInternal             :     exinfo->inclusionlist      = 0000000060301BA8
[LOG] SystemI::createSoundInternal             :     exinfo->inclusionlistnum   = 1
[LOG] SystemI::createSoundInternal             :     exinfo->suggestedsoundtype = 5
[LOG] SystemI::createSoundInternal             :     exinfo->initialseekpostype = 1
[LOG] SystemI::createSoundInternal             :     Stream 0/1: name='Menu', format=2, channels=2, frequency=48000, lengthbytes=377664, lengthpcm=1316572, pcmblocksize=0, loopstart=0, loopend=0, mode=0x00000000, channelmask=0x00000000, channelorder=0, peakvolume=0.889973.
[LOG] AsyncThread::threadFunc                  : Finished Asynchronous operation on sound 0000000060BF74D8
[LOG] SoundI::getSubSound                      : sound 0000000060BF74D8.  Subsound index 0 / 1
[LOG] SystemI::createSound                     : filename = C:\Users\Jumbax\Documents\Master\Gabrieli\COMPOSIZIONE\ESERCIZIO 8\Survival Shooter (2020 DEF) - Mauro Cirafisi\Survival Shooter Fmod 1.10.15\Build\Desktop\Master Bank.bank : mode 02010082
[LOG] SystemI::createSound                     : FMOD_NONBLOCKING specified.  Putting into queue to be opened asynchronously!
[LOG] SystemI::createSound                     : setdata soundi = 0000000060BF7178 : node = 0000000060301FD0
[LOG] SystemI::createSound                     : add node to async list : head = 00000000608C1EE8.  list count = 0
[LOG] AsyncThread::threadFunc                  : Starting Asynchronous operation on sound 0000000060BF7178
[LOG] SystemI::createSoundInternal             :     Create name='C:\Users\Jumbax\Documents\Master\Gabrieli\COMPOSIZIONE\ESERCIZIO 8\Survival Shooter (2020 DEF) - Mauro Cirafisi\Survival Shooter Fmod 1.10.15\Build\Desktop\Master Bank.bank', mode=0x02010082
[LOG] SystemI::createSoundInternal             :     exinfo->cbsize             = 232
[LOG] SystemI::createSoundInternal             :     exinfo->length             = 1657440
[LOG] SystemI::createSoundInternal             :     exinfo->fileoffset         = 30048
[LOG] SystemI::createSoundInternal             :     exinfo->numsubsounds       = 1
[LOG] SystemI::createSoundInternal             :     exinfo->inclusionlist      = 00000000603020E8
[LOG] SystemI::createSoundInternal             :     exinfo->inclusionlistnum   = 1
[LOG] SystemI::createSoundInternal             :     exinfo->suggestedsoundtype = 5
[LOG] SystemI::createSoundInternal             :     exinfo->initialseekposition = 1713
[LOG] SystemI::createSoundInternal             :     exinfo->initialseekpostype = 1
[LOG] SystemI::createSoundInternal             :     Stream 0/1: name='Fight', format=2, channels=2, frequency=48000, lengthbytes=480000, lengthpcm=1728001, pcmblocksize=0, loopstart=0, loopend=0, mode=0x00000000, channelmask=0x00000000, channelorder=0, peakvolume=0.889454.
[LOG] AsyncThread::threadFunc                  : Finished Asynchronous operation on sound 0000000060BF7178
[LOG] SoundI::getSubSound                      : sound 0000000060BF7178.  Subsound index 0 / 1
[LOG] SoundI::release                          : Menu (0000000060BF74D8)
[LOG] SoundI::release                          :     Menu (00000000608C6518)
[LOG] SoundI::release                          :     Menu (0000000060BF6FC8)
[LOG] SystemI::createSound                     : filename = C:\Users\Jumbax\Documents\Master\Gabrieli\COMPOSIZIONE\ESERCIZIO 8\Survival Shooter (2020 DEF) - Mauro Cirafisi\Survival Shooter Fmod 1.10.15\Build\Desktop\Master Bank.bank : mode 02010082
[LOG] SystemI::createSound                     : FMOD_NONBLOCKING specified.  Putting into queue to be opened asynchronously!
[LOG] SystemI::createSound                     : setdata soundi = 0000000060BF7328 : node = 00000000603012B0
[LOG] SystemI::createSound                     : add node to async list : head = 00000000608C1EE8.  list count = 0
[LOG] AsyncThread::threadFunc                  : Starting Asynchronous operation on sound 0000000060BF7328
[LOG] SystemI::createSoundInternal             :     Create name='C:\Users\Jumbax\Documents\Master\Gabrieli\COMPOSIZIONE\ESERCIZIO 8\Survival Shooter (2020 DEF) - Mauro Cirafisi\Survival Shooter Fmod 1.10.15\Build\Desktop\Master Bank.bank', mode=0x02010082
[LOG] SystemI::createSoundInternal             :     exinfo->cbsize             = 232
[LOG] SystemI::createSoundInternal             :     exinfo->length             = 1657440
[LOG] SystemI::createSoundInternal             :     exinfo->fileoffset         = 30048
[LOG] SystemI::createSoundInternal             :     exinfo->numsubsounds       = 1
[LOG] SystemI::createSoundInternal             :     exinfo->inclusionlist      = 00000000603013C8
[LOG] SystemI::createSoundInternal             :     exinfo->inclusionlistnum   = 1
[LOG] SystemI::createSoundInternal             :     exinfo->suggestedsoundtype = 5
[LOG] SystemI::createSoundInternal             :     exinfo->initialseekposition = 1472
[LOG] SystemI::createSoundInternal             :     exinfo->initialseekpostype = 1
[LOG] SystemI::createSoundInternal             :     Stream 0/1: name='Low Health', format=2, channels=2, frequency=48000, lengthbytes=490816, lengthpcm=1728001, pcmblocksize=0, loopstart=0, loopend=0, mode=0x00000000, channelmask=0x00000000, channelorder=0, peakvolume=0.890038.
[LOG] AsyncThread::threadFunc                  : Finished Asynchronous operation on sound 0000000060BF7328
[LOG] SoundI::getSubSound                      : sound 0000000060BF7328.  Subsound index 0 / 1
[LOG] SoundI::release                          : Fight (0000000060BF7178)
[LOG] SoundI::release                          :     Fight (00000000608C20D8)
[LOG] SoundI::release                          :     Fight (0000000060BF8258)
[LOG] SystemI::createSound                     : filename = C:\Users\Jumbax\Documents\Master\Gabrieli\COMPOSIZIONE\ESERCIZIO 8\Survival Shooter (2020 DEF) - Mauro Cirafisi\Survival Shooter Fmod 1.10.15\Build\Desktop\Master Bank.bank : mode 02010082
[LOG] SystemI::createSound                     : FMOD_NONBLOCKING specified.  Putting into queue to be opened asynchronously!
[LOG] SystemI::createSound                     : setdata soundi = 0000000060BF80A8 : node = 0000000060302BA0
[LOG] SystemI::createSound                     : add node to async list : head = 00000000608C1EE8.  list count = 0
[LOG] AsyncThread::threadFunc                  : Starting Asynchronous operation on sound 0000000060BF80A8
[LOG] SystemI::createSound                     : filename = C:\Users\Jumbax\Documents\Master\Gabrieli\COMPOSIZIONE\ESERCIZIO 8\Survival Shooter (2020 DEF) - Mauro Cirafisi\Survival Shooter Fmod 1.10.15\Build\Desktop\Master Bank.bank : mode 02010082
[LOG] SystemI::createSoundInternal             :     Create name='C:\Users\Jumbax\Documents\Master\Gabrieli\COMPOSIZIONE\ESERCIZIO 8\Survival Shooter (2020 DEF) - Mauro Cirafisi\Survival Shooter Fmod 1.10.15\Build\Desktop\Master Bank.bank', mode=0x02010082
[LOG] SystemI::createSound                     :     FMOD_NONBLOCKING specified.  Putting into queue to be opened asynchronously!
[LOG] SystemI::createSoundInternal             :     exinfo->cbsize             = 232
[LOG] SystemI::createSound                     :     setdata soundi = 0000000060BF7D48 : node = 0000000060301400
[LOG] SystemI::createSoundInternal             :     exinfo->length             = 1657440
[LOG] SystemI::createSound                     :     add node to async list : head = 00000000608C1EE8.  list count = 0
[LOG] SystemI::createSoundInternal             :     exinfo->fileoffset         = 30048
[LOG] SystemI::createSoundInternal             :     exinfo->numsubsounds       = 1
[LOG] SystemI::createSoundInternal             :     exinfo->inclusionlist      = 0000000060302CB8
[LOG] SystemI::createSoundInternal             :     exinfo->inclusionlistnum   = 1
[LOG] SystemI::createSoundInternal             :     exinfo->suggestedsoundtype = 5
[LOG] SystemI::createSoundInternal             :     exinfo->initialseekpostype = 1
[LOG] SystemI::createSoundInternal             :     Stream 0/1: name='Menu', format=2, channels=2, frequency=48000, lengthbytes=377664, lengthpcm=1316572, pcmblocksize=0, loopstart=0, loopend=0, mode=0x00000000, channelmask=0x00000000, channelorder=0, peakvolume=0.889973.
[LOG] AsyncThread::threadFunc                  : Finished Asynchronous operation on sound 0000000060BF80A8
[LOG] AsyncThread::threadFunc                  : Starting Asynchronous operation on sound 0000000060BF7D48
[LOG] SystemI::createSoundInternal             :     Create name='C:\Users\Jumbax\Documents\Master\Gabrieli\COMPOSIZIONE\ESERCIZIO 8\Survival Shooter (2020 DEF) - Mauro Cirafisi\Survival Shooter Fmod 1.10.15\Build\Desktop\Master Bank.bank', mode=0x02010082
[LOG] SystemI::createSoundInternal             :     exinfo->cbsize             = 232
[LOG] SystemI::createSoundInternal             :     exinfo->length             = 1657440
[LOG] SystemI::createSoundInternal             :     exinfo->fileoffset         = 30048
[LOG] SystemI::createSoundInternal             :     exinfo->numsubsounds       = 1
[LOG] SystemI::createSoundInternal             :     exinfo->inclusionlist      = 0000000060301518
[LOG] SystemI::createSoundInternal             :     exinfo->inclusionlistnum   = 1
[LOG] SystemI::createSoundInternal             :     exinfo->suggestedsoundtype = 5
[LOG] SystemI::createSoundInternal             :     exinfo->initialseekposition = 1713
[LOG] SystemI::createSoundInternal             :     exinfo->initialseekpostype = 1
[LOG] SystemI::createSoundInternal             :     Stream 0/1: name='Fight', format=2, channels=2, frequency=48000, lengthbytes=480000, lengthpcm=1728001, pcmblocksize=0, loopstart=0, loopend=0, mode=0x00000000, channelmask=0x00000000, channelorder=0, peakvolume=0.889454.
[LOG] AsyncThread::threadFunc                  : Finished Asynchronous operation on sound 0000000060BF7D48
[LOG] SoundI::getSubSound                      : sound 0000000060BF80A8.  Subsound index 0 / 1
[LOG] SoundI::getSubSound                      : sound 0000000060BF7D48.  Subsound index 0 / 1
[LOG] SoundI::release                          : Low Health (0000000060BF7328)
[LOG] SoundI::release                          :     Low Health (00000000608C5678)
[LOG] SoundI::release                          :     Low Health (0000000060BF6908)
[LOG] SoundI::release                          : Menu (0000000060BF80A8)
[LOG] SoundI::release                          :     Menu (00000000608C4B18)
[LOG] SoundI::release                          :     Menu (0000000060BF8258)
[LOG] SoundI::release                          :  (000000004BE937A8)
[LOG] SoundI::release                          :     Death (00000000608C0878)
[LOG] SoundI::release                          : Fight (0000000060BF7D48)
[LOG] SoundI::release                          :     Fight (00000000608C2DD8)
[LOG] SoundI::release                          :     Fight (0000000060BF7178)
[LOG] Thread::callback                         : FMOD Studio bank load thread finished.
[LOG] Thread::callback                         : FMOD Studio sample load thread finished.
[LOG] LiveUpdate::release                      : 
[LOG] LiveUpdate::reset                        : Reset connection (reason Disconnected)
[LOG] Thread::callback                         : FMOD stream thread finished.
[LOG] Thread::callback                         : FMOD mixer thread finished.
[LOG] Thread::callback                         : FMOD nonblocking thread (0) finished.
[LOG] Thread::callback                         : FMOD file thread finished.
[LOG] SystemI::close                           : Closed.
